<?xml version="1.0" encoding="UTF-8"?>
<!-- Generated by org.testng.reporters.JUnitXMLReporter -->
<testsuite hostname="Mark-PC" ignored="0" name="Realtor Tests(failed)" tests="3" failures="0" timestamp="2020-06-10T15:32:54 EDT" time="88.876" errors="0">
  <testcase name="ZillowSearchBrooklyn" time="33.9" classname="tests.ZillowBrooklynSearchTest"/>
  <testcase name="ZillowSearchWilliamsburg" time="16.881" classname="tests.ZillowBrooklynSearchTest"/>
  <testcase name="ZillowSearchGreenpoint" time="15.854" classname="tests.ZillowBrooklynSearchTest"/>
</testsuite> <!-- Realtor Tests(failed) -->
