<?xml version="1.0" encoding="UTF-8"?>
<!-- Generated by org.testng.reporters.JUnitXMLReporter -->
<testsuite hostname="Mark-PC" ignored="0" name="Default test" tests="6" failures="0" timestamp="2020-06-13T15:54:10 EDT" time="197.189" errors="0">
  <testcase name="ZillowSearchQueens" time="47.894" classname="tests.ZillowQueensSearchTest"/>
  <testcase name="ZillowSearchAstoria" time="26.331" classname="tests.ZillowQueensSearchTest"/>
  <testcase name="ZillowSearchElmhurst" time="23.348" classname="tests.ZillowQueensSearchTest"/>
  <testcase name="ZillowSearchJaxHeights" time="26.989" classname="tests.ZillowQueensSearchTest"/>
  <testcase name="ZillowSearchSunnyside" time="25.311" classname="tests.ZillowQueensSearchTest"/>
  <testcase name="ZillowSearchWoodside" time="24.908" classname="tests.ZillowQueensSearchTest"/>
</testsuite> <!-- Default test -->
