<?xml version="1.0" encoding="UTF-8"?>
<!-- Generated by org.testng.reporters.JUnitXMLReporter -->
<testsuite hostname="Mark-PC" ignored="1" name="Default test" tests="1" failures="0" timestamp="2020-06-17T12:10:49 EDT" time="22.059" errors="0">
  <testcase name="testForcars" time="15.566" classname="tests.ScreenshotToReportDemo"/>
  <testcase name="testForTrucks" time="0.0" classname="tests.ScreenshotToReportDemo">
    <ignored/>
  </testcase> <!-- testForTrucks -->
</testsuite> <!-- Default test -->
