<?xml version="1.0" encoding="UTF-8"?>
<!-- Generated by org.testng.reporters.JUnitXMLReporter -->
<testsuite hostname="Mark-PC" ignored="0" name="Realtor rentals regression" tests="9" failures="0" timestamp="2020-06-13T18:55:39 EDT" time="247.521" errors="0">
  <testcase name="ZillowSearchBrooklyn" time="30.593" classname="tests.ZillowBrooklynSearchTest"/>
  <testcase name="ZillowSearchWilliamsburg" time="19.282" classname="tests.ZillowBrooklynSearchTest"/>
  <testcase name="ZillowSearchGreenpoint" time="19.174" classname="tests.ZillowBrooklynSearchTest"/>
  <testcase name="ZillowSearchQueens" time="32.148" classname="tests.ZillowQueensSearchTest"/>
  <testcase name="ZillowSearchAstoria" time="17.991" classname="tests.ZillowQueensSearchTest"/>
  <testcase name="ZillowSearchElmhurst" time="24.569" classname="tests.ZillowQueensSearchTest"/>
  <testcase name="ZillowSearchJaxHeights" time="20.903" classname="tests.ZillowQueensSearchTest"/>
  <testcase name="ZillowSearchSunnyside" time="19.552" classname="tests.ZillowQueensSearchTest"/>
  <testcase name="ZillowSearchWoodside" time="25.245" classname="tests.ZillowQueensSearchTest"/>
</testsuite> <!-- Realtor rentals regression -->
