<?xml version="1.0" encoding="UTF-8"?>
<!-- Generated by org.testng.reporters.JUnitXMLReporter -->
<testsuite hostname="Mark-PC" ignored="0" name="Realtor rentals regression" tests="9" failures="0" timestamp="2020-06-15T13:00:06 EDT" time="278.368" errors="0">
  <testcase name="ZillowSearchBrooklyn" time="44.206" classname="tests.ZillowBrooklynSearchTest"/>
  <testcase name="ZillowSearchWilliamsburg" time="17.369" classname="tests.ZillowBrooklynSearchTest"/>
  <testcase name="ZillowSearchGreenpoint" time="20.74" classname="tests.ZillowBrooklynSearchTest"/>
  <testcase name="ZillowSearchQueens" time="34.229" classname="tests.ZillowQueensSearchTest"/>
  <testcase name="ZillowSearchAstoria" time="19.76" classname="tests.ZillowQueensSearchTest"/>
  <testcase name="ZillowSearchElmhurst" time="17.08" classname="tests.ZillowQueensSearchTest"/>
  <testcase name="ZillowSearchJaxHeights" time="20.201" classname="tests.ZillowQueensSearchTest"/>
  <testcase name="ZillowSearchSunnyside" time="18.627" classname="tests.ZillowQueensSearchTest"/>
  <testcase name="ZillowSearchWoodside" time="15.85" classname="tests.ZillowQueensSearchTest"/>
</testsuite> <!-- Realtor rentals regression -->
