<?xml version="1.0" encoding="UTF-8"?>
<!-- Generated by org.testng.reporters.JUnitXMLReporter -->
<testsuite hostname="Mark-PC" ignored="0" name="Test1" tests="4" failures="0" timestamp="2020-06-06T15:36:31 EDT" time="11.833" errors="0">
  <testcase name="testa1" time="10.424" classname="tests.ExtentReportsDemoWithTestNG"/>
  <testcase name="testa2" time="0.099" classname="tests.ExtentReportsDemoWithTestNG"/>
  <testcase name="test1" time="11.682" classname="tests.ExtentReportsDemoWithTestNG2"/>
  <testcase name="test2" time="0.012" classname="tests.ExtentReportsDemoWithTestNG2"/>
</testsuite> <!-- Test1 -->
