<?xml version="1.0" encoding="UTF-8"?>
<!-- Generated by org.testng.reporters.JUnitXMLReporter -->
<testsuite hostname="Mark-PC" ignored="0" name="Zillow Tests" tests="9" failures="0" timestamp="2020-06-19T13:31:51 EDT" time="201.809" errors="0">
  <testcase name="ZillowSearchAstoria" time="31.808" classname="tests.ZillowQueensSearchTest"/>
  <testcase name="ZillowSearchBrooklyn" time="50.421" classname="tests.ZillowBrooklynSearchTest"/>
  <testcase name="ZillowSearchElmhurst" time="35.016" classname="tests.ZillowQueensSearchTest"/>
  <testcase name="ZillowSearchGreenpoint" time="45.655" classname="tests.ZillowBrooklynSearchTest"/>
  <testcase name="ZillowSearchJaxHeights" time="45.57" classname="tests.ZillowQueensSearchTest"/>
  <testcase name="ZillowSearchQueens" time="27.39" classname="tests.ZillowQueensSearchTest"/>
  <testcase name="ZillowSearchWilliamsburg" time="50.434" classname="tests.ZillowBrooklynSearchTest"/>
  <testcase name="ZillowSearchSunnyside" time="26.129" classname="tests.ZillowQueensSearchTest"/>
  <testcase name="ZillowSearchWoodside" time="24.137" classname="tests.ZillowQueensSearchTest"/>
</testsuite> <!-- Zillow Tests -->
