<?xml version="1.0" encoding="UTF-8"?>
<!-- Generated by org.testng.reporters.JUnitXMLReporter -->
<testsuite hostname="Mark-PC" ignored="0" name="Zillow Tests" tests="9" failures="0" timestamp="2020-06-23T21:12:34 EDT" time="207.963" errors="0">
  <testcase name="ZillowSearchAstoria" time="53.084" classname="tests.ZillowQueensSearchTest"/>
  <testcase name="ZillowSearchBrooklyn" time="71.135" classname="tests.ZillowBrooklynSearchTest"/>
  <testcase name="ZillowSearchElmhurst" time="27.461" classname="tests.ZillowQueensSearchTest"/>
  <testcase name="ZillowSearchGreenpoint" time="25.448" classname="tests.ZillowBrooklynSearchTest"/>
  <testcase name="ZillowSearchJaxHeights" time="29.583" classname="tests.ZillowQueensSearchTest"/>
  <testcase name="ZillowSearchQueens" time="39.859" classname="tests.ZillowQueensSearchTest"/>
  <testcase name="ZillowSearchWilliamsburg" time="56.135" classname="tests.ZillowBrooklynSearchTest"/>
  <testcase name="ZillowSearchSunnyside" time="28.285" classname="tests.ZillowQueensSearchTest"/>
  <testcase name="ZillowSearchWoodside" time="19.314" classname="tests.ZillowQueensSearchTest"/>
</testsuite> <!-- Zillow Tests -->
